# Bourbon Sync Log

## 2025-04-08 03:03 CST
- **Status**: No changes detected
- **Action**: Skipped push (bourbon-drops.json unchanged)
- **Script**: /root/.openclaw/workspace/sync-bourbon-to-github.sh

## 2025-04-08 02:03 CST
- **Status**: No changes detected
- **Action**: Skipped push (bourbon-drops.json unchanged)
- **Script**: /root/.openclaw/workspace/sync-bourbon-to-github.sh

## 2025-04-08 01:03 CST
- **Status**: No changes detected
- **Action**: Skipped push (bourbon-drops.json unchanged)
- **Script**: /root/.openclaw/workspace/sync-bourbon-to-github.sh

## 2025-04-08 00:03 CST
- **Status**: No changes detected
- **Action**: Skipped push (bourbon-drops.json unchanged)
- **Script**: /root/.openclaw/workspace/sync-bourbon-to-github.sh

## 2025-04-07 23:03 CST
- **Status**: No changes detected
- **Action**: Skipped push (bourbon-drops.json unchanged)
- **Script**: /root/.openclaw/workspace/sync-bourbon-to-github.sh

## 2025-04-07 22:03 CST
- **Status**: No changes detected
- **Action**: Skipped push (bourbon-drops.json unchanged)
- **Script**: /root/.openclaw/workspace/sync-bourbon-to-github.sh

## 2025-04-07 21:03 CST
- **Status**: No changes detected
- **Action**: Skipped push (bourbon-drops.json unchanged)
- **Script**: /root/.openclaw/workspace/sync-bourbon-to-github.sh

## 2025-04-07 20:03 CST
- **Status**: No changes detected
- **Action**: Skipped push (bourbon-drops.json unchanged)
- **Script**: /root/.openclaw/workspace/sync-bourbon-to-github.sh

## 2025-04-07 19:03 CST
- **Status**: No changes detected
- **Action**: Skipped push (bourbon-drops.json unchanged)
- **Script**: /root/.openclaw/workspace/sync-bourbon-to-github.sh

## 2025-04-07 18:05 CST
- **Status**: No changes detected
- **Action**: Skipped push (bourbon-drops.json unchanged)
- **Script**: /root/.openclaw/workspace/sync-bourbon-to-github.sh

## 2025-04-07 17:03 CST
- **Status**: No changes detected
- **Action**: Skipped push (bourbon-drops.json unchanged)
- **Script**: /root/.openclaw/workspace/sync-bourbon-to-github.sh

## 2025-04-07 16:03 CST
- **Status**: No changes detected
- **Action**: Skipped push (bourbon-drops.json unchanged)
- **Script**: /root/.openclaw/workspace/sync-bourbon-to-github.sh

## 2025-04-07 15:03 CST
- **Status**: No changes detected
- **Action**: Skipped push (bourbon-drops.json unchanged)
- **Script**: /root/.openclaw/workspace/sync-bourbon-to-github.sh

## 2025-04-07 14:03 CST
- **Status**: No changes detected
- **Action**: Skipped push (bourbon-drops.json unchanged)
- **Script**: /root/.openclaw/workspace/sync-bourbon-to-github.sh

## 2025-04-07 12:03 CST
- **Status**: No changes detected
- **Action**: Skipped push (bourbon-drops.json unchanged)
- **Script**: /root/.openclaw/workspace/sync-bourbon-to-github.sh

## 2025-04-07 10:04 CST
- **Status**: No changes detected
- **Action**: Skipped push (bourbon-drops.json unchanged)
- **Script**: /root/.openclaw/workspace/sync-bourbon-to-github.sh

## 2025-04-07 09:03 CST
- **Status**: No changes detected
- **Action**: Skipped push (bourbon-drops.json unchanged)
- **Script**: /root/.openclaw/workspace/sync-bourbon-to-github.sh

## 2025-04-07 07:03 CST
- **Status**: No changes detected
- **Action**: Skipped push (bourbon-drops.json unchanged)
- **Script**: /root/.openclaw/workspace/sync-bourbon-to-github.sh

## 2025-04-07 06:03 CST
- **Status**: No changes detected
- **Action**: Skipped push (bourbon-drops.json unchanged)
- **Script**: /root/.openclaw/workspace/sync-bourbon-to-github.sh

## 2025-04-07 05:03 CST
- **Status**: No changes detected
- **Action**: Skipped push (bourbon-drops.json unchanged)
- **Script**: /root/.openclaw/workspace/sync-bourbon-to-github.sh

## 2025-04-07 04:03 CST
- **Status**: No changes detected
- **Action**: Skipped push (bourbon-drops.json unchanged)
- **Script**: /root/.openclaw/workspace/sync-bourbon-to-github.sh
